<?xml version="1.0" encoding="UTF-8"?>
<!-- Generated by org.testng.reporters.JUnitReportReporter -->
<testsuite hostname="DESKTOP-19BS8TV" failures="0" tests="1" name="com.LinkedInHybridProject.testCases.LoginPageWithValidCredencials" time="13.841" errors="0" timestamp="2024-06-03T19:33:37 IST" skipped="0">
  <testcase classname="com.LinkedInHybridProject.testCases.LoginPageWithValidCredencials" name="LoginValidCredencials" time="13.841"/>
</testsuite> <!-- com.LinkedInHybridProject.testCases.LoginPageWithValidCredencials -->
