<?xml version="1.0" encoding="UTF-8"?>
<!-- Generated by org.testng.reporters.JUnitReportReporter -->
<testsuite hostname="DESKTOP-19BS8TV" failures="0" tests="2" name="com.LinkedInHybridProject.testCases.HomePageWithCompanyProfile" time="21.683" errors="0" timestamp="2024-06-04T13:40:59 IST" skipped="0">
  <testcase classname="com.LinkedInHybridProject.testCases.HomePageWithCompanyProfile" name="LoginValidCredencials" time="14.694"/>
  <testcase classname="com.LinkedInHybridProject.testCases.HomePageWithCompanyProfile" name="HomeWithCompanyProfile" time="6.989"/>
</testsuite> <!-- com.LinkedInHybridProject.testCases.HomePageWithCompanyProfile -->
