<?xml version="1.0" encoding="UTF-8"?>
<!-- Generated by org.testng.reporters.JUnitReportReporter -->
<testsuite hostname="DESKTOP-19BS8TV" failures="0" tests="1" name="com.LinkedInHybridProject.testCases.LoginPageWithInValidPassword" time="3.917" errors="0" timestamp="2024-06-04T13:40:59 IST" skipped="0">
  <testcase classname="com.LinkedInHybridProject.testCases.LoginPageWithInValidPassword" name="LoginInValidPassword" time="3.917"/>
</testsuite> <!-- com.LinkedInHybridProject.testCases.LoginPageWithInValidPassword -->
