<?xml version="1.0" encoding="UTF-8"?>
<!-- Generated by org.testng.reporters.JUnitReportReporter -->
<testsuite hostname="DESKTOP-19BS8TV" failures="0" tests="2" name="com.LinkedInHybridProject.testCases.HomePageWithCompanyProfile" time="31.464" errors="0" timestamp="2024-06-03T19:33:37 IST" skipped="0">
  <testcase classname="com.LinkedInHybridProject.testCases.HomePageWithCompanyProfile" name="LoginValidCredencials" time="22.397"/>
  <testcase classname="com.LinkedInHybridProject.testCases.HomePageWithCompanyProfile" name="HomeWithCompanyProfile" time="9.067"/>
</testsuite> <!-- com.LinkedInHybridProject.testCases.HomePageWithCompanyProfile -->
