<?xml version="1.0" encoding="UTF-8"?>
<!-- Generated by org.testng.reporters.JUnitReportReporter -->
<testsuite hostname="DESKTOP-19BS8TV" failures="0" tests="1" name="com.LinkedInHybridProject.testCases.LoginPageWithInValidCredencials" time="4.382" errors="0" timestamp="2024-06-03T19:33:37 IST" skipped="0">
  <testcase classname="com.LinkedInHybridProject.testCases.LoginPageWithInValidCredencials" name="LoginInValidCredencial" time="4.382"/>
</testsuite> <!-- com.LinkedInHybridProject.testCases.LoginPageWithInValidCredencials -->
