<?xml version="1.0" encoding="UTF-8"?>
<!-- Generated by org.testng.reporters.JUnitReportReporter -->
<testsuite hostname="DESKTOP-19BS8TV" failures="0" tests="2" name="com.LinkedInHybridProject.testCases.HomePageWithUserProfile" time="17.238" errors="0" timestamp="2024-06-04T13:40:59 IST" skipped="0">
  <testcase classname="com.LinkedInHybridProject.testCases.HomePageWithUserProfile" name="LoginValidCredencials" time="11.021"/>
  <testcase classname="com.LinkedInHybridProject.testCases.HomePageWithUserProfile" name="HomeWithUserProfile" time="6.217"/>
</testsuite> <!-- com.LinkedInHybridProject.testCases.HomePageWithUserProfile -->
