<?xml version="1.0" encoding="UTF-8"?>
<!-- Generated by org.testng.reporters.JUnitReportReporter -->
<testsuite hostname="DESKTOP-19BS8TV" failures="0" tests="2" name="com.LinkedInHybridProject.testCases.HomePageWithUserProfile" time="15.807" errors="0" timestamp="2024-06-03T19:33:37 IST" skipped="0">
  <testcase classname="com.LinkedInHybridProject.testCases.HomePageWithUserProfile" name="LoginValidCredencials" time="12.262"/>
  <testcase classname="com.LinkedInHybridProject.testCases.HomePageWithUserProfile" name="HomeWithUserProfile" time="3.545"/>
</testsuite> <!-- com.LinkedInHybridProject.testCases.HomePageWithUserProfile -->
